<?xml version="1.0" encoding="UTF-8"?>
<!-- Generated by org.testng.reporters.JUnitReportReporter -->
<testsuite hostname="LAPTOP-020HTH5G" failures="0" tests="1" name="test.computer.BuyingCheapComputerTest" time="32.286" errors="0" timestamp="2022-12-12T23:31:58 ICT" skipped="0">
  <testcase classname="test.computer.BuyingCheapComputerTest" name="testCheapComputerBuying" time="32.286"/>
  <system-out/>
</testsuite> <!-- test.computer.BuyingCheapComputerTest -->
