<?xml version="1.0" encoding="UTF-8"?>
<!-- Generated by org.testng.reporters.JUnitReportReporter -->
<testsuite hostname="LAPTOP-020HTH5G" failures="0" tests="3" name="test.computer.BuyingStandardComputerTest" time="70.457" errors="0" timestamp="2022-12-12T23:31:58 ICT" skipped="0">
  <testcase classname="test.computer.BuyingStandardComputerTest" name="testStandardComputerBuying" time="31.877"/>
  <system-out/>
  <testcase classname="test.computer.BuyingStandardComputerTest" name="testStandardComputerBuying" time="19.832"/>
  <system-out/>
  <testcase classname="test.computer.BuyingStandardComputerTest" name="testStandardComputerBuying" time="18.748"/>
  <system-out/>
</testsuite> <!-- test.computer.BuyingStandardComputerTest -->
