<?xml version="1.0" encoding="UTF-8"?>
<!-- Generated by org.testng.reporters.JUnitReportReporter -->
<testsuite hostname="LAPTOP-020HTH5G" failures="0" tests="2" name="test.global.footer.FooterTest" time="13.551" errors="0" timestamp="2022-12-13T23:46:21 ICT" skipped="0">
  <testcase classname="test.global.footer.FooterTest" name="testLoginPageFooter" time="1.407"/>
  <system-out/>
  <testcase classname="test.global.footer.FooterTest" name="testHomePageFooter" time="12.144"/>
  <system-out/>
</testsuite> <!-- test.global.footer.FooterTest -->
